<?xml version="1.0" encoding="UTF-8"?>
<testng-results ignored="2" total="3" passed="1" failed="0" skipped="0">
  <reporter-output>
  </reporter-output>
  <suite started-at="2024-08-01T03:13:32Z" name="Default suite" finished-at="2024-08-01T03:14:06Z" duration-ms="33959">
    <groups>
    </groups>
    <test started-at="2024-08-01T03:13:32Z" name="Default test" finished-at="2024-08-01T03:14:06Z" duration-ms="33959">
      <class name="com.crm.qa.testcases.LoginPageTest">
        <test-method is-config="true" signature="setUp()[pri:0, instance:com.crm.qa.testcases.LoginPageTest@cecf639]" started-at="2024-08-01T08:43:32Z" name="setUp" finished-at="2024-08-01T08:44:01Z" duration-ms="28566" status="PASS">
          <reporter-output>
          </reporter-output>
        </test-method> <!-- setUp -->
        <test-method signature="loginPageTitleTest()[pri:1, instance:com.crm.qa.testcases.LoginPageTest@cecf639]" started-at="2024-08-01T08:44:01Z" name="loginPageTitleTest" finished-at="2024-08-01T08:44:04Z" duration-ms="3704" status="PASS">
          <reporter-output>
          </reporter-output>
        </test-method> <!-- loginPageTitleTest -->
        <test-method is-config="true" signature="tearDown()[pri:0, instance:com.crm.qa.testcases.LoginPageTest@cecf639]" started-at="2024-08-01T08:44:04Z" name="tearDown" finished-at="2024-08-01T08:44:06Z" duration-ms="1617" status="PASS">
          <reporter-output>
          </reporter-output>
        </test-method> <!-- tearDown -->
      </class> <!-- com.crm.qa.testcases.LoginPageTest -->
    </test> <!-- Default test -->
  </suite> <!-- Default suite -->
</testng-results>
